<?xml version="1.0" encoding="UTF-8"?>
<!-- Generated by org.testng.reporters.JUnitReportReporter -->
<testsuite skipped="0" hostname="QT-INBG-LT0135" name="test.testcases.WallethubTest" tests="1" failures="0" timestamp="17 Oct 2019 10:23:57 GMT" time="31.398" errors="0">
  <testcase name="createNewReview" time="31.398" classname="test.testcases.WallethubTest"/>
</testsuite> <!-- test.testcases.WallethubTest -->
